INFO:root:[18:32:48] INITIALISING CHARGING MODEL
INFO:root:[18:32:49] Selected number of agents: 12000, season: summer, time step: 5 min
INFO:root:[18:32:49] Selected charging strategy: Charge where cheaper advanced
INFO:root:[18:32:49] Selected work charge price: 0.15 $/kWh, employees per charger: 1
INFO:root:[18:32:49] Start to create agents
INFO:root:[18:32:51] Agent creation complete
INFO:root:[18:32:51] Create agent's work schedule
INFO:root:[18:33:30] Completed agent's work schedule
INFO:root:[18:33:30] Agent creation complete
INFO:root:[18:33:30] INITIALISATION COMPLETE
INFO:root:[18:33:30] 
INFO:root:[18:33:30] COMMENCING STEP CALCULATION
INFO:root:[19:08:12] STEP CALCULATION COMPLETE
INFO:root:[19:08:12] 
INFO:root:[19:08:12] Summary
INFO:root:[19:08:12] Cars that would run flat: None
INFO:root:[19:08:12] Route (min / avg / max) = 2.0 km / 17.7 km / 102.9 km
INFO:root:[19:08:12] Average Consumption 37.1 kWh
INFO:root:[19:08:12] Apartments: 1403, Houses wo PV: 8538, Houses w PV: 2059
INFO:root:[19:08:12] COMMENCING DATA EVALUATION
INFO:root:[19:08:15] charge_received_work: 377545.8 kWh
INFO:root:[19:08:15] charge_received_pv: 68107.5 kWh
INFO:root:[19:08:15] charge_received_grid: 2077.7 kWh
INFO:root:[19:08:15] charge_received_public: 169.8 kWh
INFO:root:[19:08:15] charge_held_back: 7110.8 kWh
INFO:root:[19:08:15] Company Charger Utilisation: 2.00%
INFO:root:[19:08:15] Average Electricity Cost Apartments: $/km 0.0290
INFO:root:[19:08:15] Average Electricity Cost House wo PV: $/km 0.0286
INFO:root:[19:08:15] Average Electricity Cost House w PV: $/km 0.0229
INFO:root:[19:08:15] Average Electricity Cost: $/km 0.0283
INFO:root:[19:08:15] DATA EVALUATION COMPLETE
