INFO:root:[17:52:24] INITIALISING CHARGING MODEL
INFO:root:[17:52:24] Selected number of agents: 12000, season: summer, time step: 5 min
INFO:root:[17:52:24] Selected charging strategy: Charge where cheaper advanced
INFO:root:[17:52:24] Selected work charge price: 0.15 $/kWh, employees per charger: 1
INFO:root:[17:52:24] Start to create agents
INFO:root:[17:52:27] Agent creation complete
INFO:root:[17:52:27] Create agent's work schedule
INFO:root:[17:53:04] Calendar creation reseted!
INFO:root:[17:53:43] Completed agent's work schedule
INFO:root:[17:53:43] Agent creation complete
INFO:root:[17:53:43] INITIALISATION COMPLETE
INFO:root:[17:53:43] 
INFO:root:[17:53:43] COMMENCING STEP CALCULATION
INFO:root:[18:29:53] STEP CALCULATION COMPLETE
INFO:root:[18:29:53] 
INFO:root:[18:29:53] Summary
INFO:root:[18:29:53] Cars that would run flat: None
INFO:root:[18:29:54] Route (min / avg / max) = 2.0 km / 17.7 km / 102.9 km
INFO:root:[18:29:54] Average Consumption 36.8 kWh
INFO:root:[18:29:54] Apartments: 1376, Houses wo PV: 8517, Houses w PV: 2107
INFO:root:[18:29:54] COMMENCING DATA EVALUATION
INFO:root:[18:29:56] charge_received_work: 374011.2 kWh
INFO:root:[18:29:56] charge_received_pv: 69261.4 kWh
INFO:root:[18:29:56] charge_received_grid: 2127.8 kWh
INFO:root:[18:29:56] charge_received_public: 157.4 kWh
INFO:root:[18:29:56] charge_held_back: 6750.0 kWh
INFO:root:[18:29:56] Company Charger Utilisation: 2.04%
INFO:root:[18:29:56] Average Electricity Cost Apartments: $/km 0.0289
INFO:root:[18:29:56] Average Electricity Cost House wo PV: $/km 0.0286
INFO:root:[18:29:56] Average Electricity Cost House w PV: $/km 0.0230
INFO:root:[18:29:56] Average Electricity Cost: $/km 0.0282
INFO:root:[18:29:56] DATA EVALUATION COMPLETE
